SF:lib/http/http.dart
DA:14,1
DA:16,1
DA:17,1
DA:20,1
DA:21,2
DA:26,0
DA:27,0
DA:28,0
DA:33,0
DA:38,0
DA:39,0
DA:40,0
DA:41,0
DA:42,0
DA:46,3
DA:48,1
DA:55,2
DA:64,3
DA:66,3
DA:70,1
DA:77,2
DA:89,0
DA:97,0
DA:113,1
DA:124,2
DA:126,3
DA:140,0
DA:141,0
DA:145,0
DA:146,0
DA:152,0
DA:155,0
DA:161,0
DA:163,0
DA:171,1
DA:174,2
DA:176,0
DA:180,0
DA:182,0
DA:183,0
DA:185,0
DA:189,1
DA:191,3
DA:192,0
DA:194,1
LF:45
LH:20
end_of_record
SF:lib/main.dart
DA:19,0
DA:24,0
DA:25,0
DA:26,0
DA:27,0
DA:28,0
DA:32,0
DA:33,0
DA:35,0
DA:40,1
DA:43,0
DA:45,0
DA:48,0
DA:49,0
DA:50,0
DA:51,0
DA:52,0
DA:61,0
DA:62,0
DA:63,0
DA:65,0
DA:67,0
DA:68,0
DA:70,0
DA:74,0
DA:80,0
DA:81,0
DA:82,0
LF:28
LH:1
end_of_record
SF:lib/app/config/init_config.dart
DA:9,0
DA:11,0
DA:15,0
DA:16,0
DA:20,0
DA:22,0
DA:24,0
DA:25,0
DA:26,0
DA:27,0
DA:33,0
DA:34,0
DA:35,0
DA:39,0
DA:42,0
DA:43,0
DA:44,0
DA:45,0
LF:18
LH:0
end_of_record
SF:lib/app/ui/auto_ui.dart
DA:7,0
DA:9,0
DA:10,0
DA:14,0
DA:16,0
DA:17,0
DA:22,0
DA:24,0
DA:28,0
DA:33,0
DA:34,0
DA:35,0
DA:37,0
DA:39,0
LF:14
LH:0
end_of_record
SF:lib/app/config/route_config.dart
DA:48,0
DA:49,0
LF:2
LH:0
end_of_record
SF:lib/module/main/main.dart
DA:4,0
DA:6,0
DA:8,0
DA:9,0
DA:10,0
DA:12,0
LF:6
LH:0
end_of_record
SF:lib/app/helper/getx_route_observer.dart
DA:5,0
DA:7,0
DA:11,0
DA:12,0
LF:4
LH:0
end_of_record
SF:lib/toolkit/utils/ui_util.dart
DA:7,0
DA:10,0
DA:13,0
DA:16,0
DA:20,0
DA:24,0
DA:45,0
DA:46,0
DA:47,0
DA:48,0
DA:49,0
DA:50,0
DA:51,0
DA:52,0
DA:55,0
DA:61,0
DA:69,0
DA:75,0
DA:76,0
DA:77,0
DA:79,0
DA:80,0
DA:81,0
DA:83,0
DA:84,0
DA:89,0
DA:92,0
DA:95,0
DA:98,0
DA:101,0
DA:104,0
DA:107,0
DA:110,0
DA:112,0
DA:114,0
DA:117,0
DA:121,0
DA:124,0
DA:127,0
DA:129,0
DA:130,0
DA:131,0
DA:133,0
DA:134,0
LF:44
LH:0
end_of_record
SF:lib/app/ui/show.dart
DA:4,0
DA:5,0
DA:6,0
DA:7,0
DA:13,0
DA:22,0
LF:6
LH:0
end_of_record
SF:lib/entity/base/base_response.dart
DA:6,0
DA:12,0
DA:13,0
DA:14,0
DA:15,0
DA:16,0
LF:6
LH:0
end_of_record
SF:lib/entity/test/net_list_bean.dart
DA:7,0
DA:9,0
DA:10,0
LF:3
LH:0
end_of_record
SF:lib/entity/test/net_object_bean.dart
DA:8,0
DA:10,0
DA:11,0
DA:29,0
DA:31,0
DA:32,0
LF:6
LH:0
end_of_record
SF:lib/toolkit/utils/log_util.dart
DA:4,3
DA:6,0
DA:7,0
DA:11,1
DA:12,2
DA:16,0
DA:17,0
DA:21,0
DA:22,0
DA:26,0
DA:27,0
DA:31,0
DA:32,0
LF:13
LH:3
end_of_record
SF:lib/http/net/net_util.dart
DA:10,1
DA:26,0
DA:30,2
DA:35,1
DA:37,3
DA:45,1
DA:53,4
DA:55,4
DA:59,0
DA:60,0
DA:61,0
DA:62,0
DA:65,0
DA:66,0
DA:82,1
DA:93,3
DA:94,3
DA:95,3
DA:96,3
DA:99,0
DA:100,0
DA:110,0
DA:116,0
DA:121,0
DA:127,0
DA:134,0
DA:140,0
DA:146,0
DA:153,0
DA:159,0
DA:165,0
DA:172,0
DA:178,0
DA:184,1
DA:195,1
DA:196,3
DA:197,0
DA:198,0
DA:199,0
DA:200,0
DA:201,0
DA:202,0
DA:205,1
DA:206,1
DA:207,1
DA:208,1
DA:213,1
DA:217,1
DA:218,0
DA:220,2
DA:221,1
DA:222,1
DA:224,2
DA:226,1
DA:230,1
DA:232,3
DA:233,3
DA:238,3
DA:242,0
DA:243,0
DA:247,0
DA:248,0
DA:252,0
DA:253,0
DA:260,0
DA:261,0
LF:66
LH:30
end_of_record
SF:lib/http/net/error_interceptor.dart
DA:6,1
DA:9,1
DA:11,4
DA:12,1
DA:14,1
DA:23,1
DA:25,4
DA:27,1
DA:28,1
DA:29,1
DA:30,0
DA:31,1
DA:32,0
DA:33,1
DA:34,0
DA:35,1
DA:36,0
DA:37,1
DA:39,0
DA:41,0
DA:42,0
DA:43,0
DA:44,0
DA:45,0
DA:46,0
DA:47,0
DA:48,0
DA:49,0
DA:50,0
DA:51,0
DA:52,0
DA:53,0
DA:54,0
DA:55,0
DA:56,0
DA:57,0
DA:58,0
DA:60,0
DA:61,0
DA:64,0
DA:67,3
LF:41
LH:15
end_of_record
SF:lib/http/net/net_configs.dart
DA:4,0
LF:1
LH:0
end_of_record
SF:lib/module/example/bloc/span_page/span_one/span_one_state.dart
DA:7,0
DA:8,0
DA:12,0
DA:13,0
LF:4
LH:0
end_of_record
SF:lib/module/example/bloc/span_page/span_one/span_one_cubit.dart
DA:11,0
DA:13,0
DA:14,0
DA:18,0
DA:19,0
DA:23,0
DA:24,0
DA:25,0
LF:8
LH:0
end_of_record
SF:lib/module/example/provider/easy_p/change_notifier_easy_p.dart
DA:4,0
DA:9,0
DA:16,0
DA:19,0
DA:20,0
DA:23,0
DA:24,0
DA:25,0
DA:26,0
DA:27,0
DA:33,0
DA:37,0
DA:41,0
DA:44,0
DA:45,0
DA:49,0
DA:56,0
DA:58,0
DA:60,0
DA:61,0
DA:62,0
DA:64,0
DA:67,0
DA:68,0
DA:72,0
DA:75,0
DA:77,0
DA:78,0
DA:79,0
DA:81,0
DA:84,0
DA:87,0
DA:91,0
DA:93,0
DA:94,0
DA:95,0
LF:36
LH:0
end_of_record
SF:lib/module/example/provider/easy_p_counter_global/logic.dart
DA:6,0
DA:7,0
DA:8,0
LF:3
LH:0
end_of_record
SF:lib/module/example/provider/span_page/span_one/provider.dart
DA:10,0
DA:11,0
DA:15,0
DA:16,0
DA:17,0
LF:5
LH:0
end_of_record
SF:lib/toolkit/view/custom/custom_loading_widget.dart
DA:4,0
DA:8,0
DA:10,0
DA:11,0
DA:13,0
DA:15,0
DA:16,0
DA:17,0
DA:22,0
DA:23,0
DA:24,0
DA:25,0
DA:27,0
DA:29,0
LF:14
LH:0
end_of_record
SF:lib/toolkit/view/custom/custom_toast_widget.dart
DA:4,0
DA:8,0
DA:10,0
DA:12,0
DA:13,0
DA:14,0
DA:15,0
DA:17,0
DA:19,0
LF:9
LH:0
end_of_record
